10/01/2023 12:32:32 SA ## ----------admin log in ----------
10/01/2023 12:33:06 SA ## ----------admin log in ----------
10/01/2023 12:40:31 SA ## ----------admin log in ----------
10/01/2023 12:53:57 SA ## ----------admin log in ----------
10/01/2023 12:58:55 SA ## ----------admin log in ----------
10/01/2023 1:18:10 SA ## ----------admin log in ----------
10/01/2023 1:25:06 SA ## ----------admin log in ----------
10/01/2023 1:27:53 SA ## ----------admin log in ----------
10/01/2023 1:28:16 SA ## ----------admin log in ----------
10/01/2023 1:30:23 SA ## ----------admin log in ----------
10/01/2023 1:33:42 SA ## ----------admin log in ----------
10/01/2023 1:35:11 SA ## ----------admin log in ----------
10/01/2023 1:35:46 SA ## ----------admin log in ----------
10/01/2023 1:36:34 SA ## ----------admin log in ----------
10/01/2023 1:37:31 SA ## ----------admin log in ----------
10/01/2023 1:38:13 SA ## ----------admin log in ----------
10/01/2023 1:40:32 SA ## ----------admin log in ----------
10/01/2023 1:41:48 SA ## ----------admin log in ----------
10/01/2023 1:45:52 SA ## ----------admin log in ----------
10/01/2023 1:46:25 SA ## ----------admin log in ----------
10/01/2023 1:47:24 SA ## ----------admin log in ----------
10/01/2023 1:49:51 SA ## ----------admin log in ----------
10/01/2023 1:50:31 SA ## ----------admin log in ----------
10/01/2023 1:51:50 SA ## ----------admin log in ----------
10/01/2023 1:52:33 SA ## ----------admin log in ----------
10/01/2023 1:53:51 SA ## ----------admin log in ----------
10/01/2023 2:10:16 SA ## ----------admin log in ----------
10/01/2023 2:10:24 SA ## ----------admin log out ----------
10/01/2023 2:32:54 SA ## ----------admin log in ----------
10/01/2023 2:36:12 SA ## ----------admin log in ----------
10/01/2023 2:40:34 SA ## ----------admin log in ----------
10/01/2023 2:41:42 SA ## ----------admin log in ----------
10/01/2023 3:17:16 SA ## ----------admin log in ----------
10/01/2023 3:18:32 SA ## ----------admin log in ----------
10/01/2023 3:19:22 SA ## ----------admin log in ----------
10/01/2023 3:27:03 SA ## ----------admin log in ----------
10/01/2023 3:28:44 SA ## ----------admin log in ----------
10/01/2023 3:32:54 SA ## ----------admin log in ----------
10/01/2023 3:33:57 SA ## ----------admin log in ----------
10/01/2023 3:34:48 SA ## ----------admin log in ----------
10/01/2023 3:35:51 SA ## ----------admin log in ----------
10/01/2023 3:36:01 SA ## change account's information
10/01/2023 3:36:37 SA ## ----------admin log in ----------
10/01/2023 3:37:34 SA ## ----------admin log in ----------
10/01/2023 3:38:22 SA ## ----------admin log in ----------
10/01/2023 3:38:29 SA ## change account's information
10/01/2023 3:38:40 SA ## change account's information
10/01/2023 3:39:12 SA ## ----------admin log in ----------
10/01/2023 3:39:33 SA ## change account's information
10/01/2023 3:40:01 SA ## change account's information
10/01/2023 3:42:07 SA ## ----------admin log in ----------
10/01/2023 3:51:57 SA ## ----------admin log in ----------
10/01/2023 3:54:17 SA ## ----------admin log in ----------
10/01/2023 4:01:47 SA ## ----------admin log in ----------
10/01/2023 4:02:38 SA ## ----------admin log in ----------
10/01/2023 4:03:19 SA ## ----------admin log in ----------
10/01/2023 4:04:12 SA ## ----------admin log in ----------
10/01/2023 4:04:37 SA ## change account's information
10/01/2023 4:04:54 SA ## ----------admin log in ----------
10/01/2023 4:38:53 SA ## ----------LHAnh log in ----------
10/01/2023 4:42:02 SA ## ----------LHAnh log in ----------
10/01/2023 4:58:14 SA ## ----------LHAnh log in ----------
10/01/2023 4:59:57 SA ## ----------LHAnh log in ----------
10/01/2023 5:09:52 SA ## ----------LHAnh log in ----------
10/01/2023 5:10:53 SA ## ----------LHAnh log in ----------
10/01/2023 5:12:37 SA ## ----------LHAnh log in ----------
10/01/2023 5:13:27 SA ## ----------LHAnh log in ----------
10/01/2023 5:14:55 SA ## update Phòng:ID Loại Phòng: 2 -> 2, ID Tầng:  1 -> 1, Tên Phòng:  Phòng 2    -> Phòng 2   , Trạng Thái: False  -> False
10/01/2023 5:14:58 SA ## update Phòng:ID Loại Phòng: 1 -> 1, ID Tầng:  1 -> 1, Tên Phòng:  Phòng 3    -> Phòng 3   , Trạng Thái: False  -> False
10/01/2023 5:19:45 SA ## ----------LHAnh log in ----------
10/01/2023 5:35:14 SA ## ----------LHAnh log in ----------
10/01/2023 5:36:23 SA ## ----------LHAnh log in ----------
10/01/2023 5:36:32 SA ## update Phòng:ID Loại Phòng: 1 -> 1, ID Tầng:  1 -> 1, Tên Phòng:  Phòng 1    -> Phòng 1   , Trạng Thái: False  -> False
10/01/2023 5:51:13 SA ## update khách hàng: Tên khách hàng:dfg dfg dfg  -> Lê Hoàng Anh, CCCD:  2452-> 49652, Số Điện Thoại:  23-> 89465, Quê Quán:  dfg-> dfcgvh, HKTT:  fgh-> dtfygh, Trạng thái:  True-> True
10/01/2023 5:51:17 SA ## update khách hàng: Tên khách hàng:ádasd ádasd ádsad  -> ádasd ádasd ádsad, CCCD:  4856-> 4856, Số Điện Thoại:  453-> 453, Quê Quán:  sdf-> sdf, HKTT:  ghj-> ghj, Trạng thái:  False-> True
10/01/2023 5:51:19 SA ## update khách hàng: Tên khách hàng:Lê Hoàng Anh  -> ád à à, CCCD:  49652-> 754, Số Điện Thoại:  89465-> 45, Quê Quán:  dfcgvh-> sfd, HKTT:  dtfygh-> gh, Trạng thái:  True-> True
10/01/2023 5:54:19 SA ## update khách hàng: Tên khách hàng:Lê Hoàng Anh  -> ád à à, CCCD:  49652-> 754, Số Điện Thoại:  89465-> 45, Quê Quán:  dfcgvh-> sfd, HKTT:  dtfygh-> gh, Trạng thái:  True-> True
10/01/2023 5:54:48 SA ## update khách hàng: Tên khách hàng:Lê Hoàng Anh  -> dfg dfg dfg, CCCD:  49652-> 2452, Số Điện Thoại:  89465-> 23, Quê Quán:  dfcgvh-> dfg, HKTT:  dtfygh-> fgh, Trạng thái:  True-> True
10/01/2023 5:55:49 SA ## update khách hàng: Tên khách hàng:Lê Hoàng Anh  -> dfg dfg dfg, CCCD:  49652-> 2452, Số Điện Thoại:  89465-> 23, Quê Quán:  dfcgvh-> dfg, HKTT:  dtfygh-> fgh, Trạng thái:  True-> True
10/01/2023 5:56:32 SA ## update khách hàng: Tên khách hàng:Lê Hoàng Anh  -> dfg dfg dfg, CCCD:  49652-> 2452, Số Điện Thoại:  89465-> 23, Quê Quán:  dfcgvh-> dfg, HKTT:  dtfygh-> fgh, Trạng thái:  True-> True
10/01/2023 5:57:35 SA ## update khách hàng: Tên khách hàng:Lê Hoàng Anh  -> dfg dfg dfg, CCCD:  49652-> 2452, Số Điện Thoại:  89465-> 23, Quê Quán:  dfcgvh-> dfg, HKTT:  dtfygh-> fgh, Trạng thái:  True-> True
10/01/2023 5:59:15 SA ## update khách hàng: Tên khách hàng:Lê Hoàng Anh  -> dfg dfg dfg, CCCD:  49652-> 2452, Số Điện Thoại:  89465-> 23, Quê Quán:  dfcgvh-> dfg, HKTT:  dtfygh-> fgh, Trạng thái:  True-> True
10/01/2023 6:06:15 SA ## update khách hàng: Tên khách hàng:Lê Hoàng Anh  -> dfg dfg dfg, CCCD:  49652-> 2452, Số Điện Thoại:  89465-> 23, Quê Quán:  dfcgvh-> dfg, HKTT:  dtfygh-> fgh, Trạng thái:  True-> True
